Arguments: 
  C:\Program Files\nodejs\node.exe C:\Program Files (x86)\Yarn\bin\yarn.js add react-native-reanimated

PATH: 
  C:\Users\ezalfbr\bin;C:\Program Files\Git\mingw64\bin;C:\Program Files\Git\usr\local\bin;C:\Program Files\Git\usr\bin;C:\Program Files\Git\usr\bin;C:\Program Files\Git\mingw64\bin;C:\Program Files\Git\usr\bin;C:\Users\ezalfbr\bin;C:\Users\ezalfbr\AppData\Local\cloud-code\installer\google-cloud-sdk\bin;C:\Python311\Scripts;C:\Python311;C:\Program Files (x86)\Java\jdk1.8.0_331\bin;C:\Windows\system32;C:\Windows;C:\Windows\System32\Wbem;C:\Windows\System32\WindowsPowerShell\v1.0;C:\Windows\System32\OpenSSH;C:\Program Files\dotnet;C:\Program Files\Git\cmd;C:\Program Files\Docker\Docker\resources\bin;C:\ProgramData\DockerDesktop\version-bin;C:\Program Files\nodejs;C:\ProgramData\chocolatey\bin;C:\Program Files (x86)\Yarn\bin;C:\JAVA\openjdk\jdk-17\bin;C:\Users\ezalfbr\AppData\Local\Microsoft\WindowsApps;C:\Users\ezalfbr\AppData\Local\Programs\Microsoft VS Code\bin;C:\Users\ezalfbr\AppData\Roaming\npm;C:\Users\ezalfbr\AppData\Local\Yarn\bin;C:\Users\ezalfbr\AppData\Local\Android\Sdk\platform-tools;C:\Program Files\Git\usr\bin\vendor_perl;C:\Program Files\Git\usr\bin\core_perl

Yarn version: 
  1.22.19

Node version: 
  18.15.0

Platform: 
  win32 x64

Trace: 
  Error: EPERM: operation not permitted, copyfile 'C:\Users\ezalfbr\AppData\Local\Yarn\Cache\v6\npm-@babel-types-7.21.5-18dfbd47c39d3904d5db3d3dc2cc80bedb60e5b6-integrity\node_modules\@babel\types\lib\modifications\removeProperties.js' -> 'C:\Users\ezalfbr\apps\memorIAs\node_modules\@babel\types\lib\modifications\removeProperties.js'

npm manifest: 
  {
    "name": "memorias",
    "version": "1.0.0",
    "main": "node_modules/expo/AppEntry.js",
    "scripts": {
      "start": "expo start",
      "android": "expo start --android",
      "ios": "expo start --ios",
      "web": "expo start --web"
    },
    "dependencies": {
      "@expo/ngrok": "^4.1.0",
      "@expo/webpack-config": "^18.0.1",
      "@react-native-async-storage/async-storage": "^1.17.11",
      "@react-native-community/netinfo": "^9.3.7",
      "@react-native-picker/picker": "2.4.8",
      "@react-navigation/bottom-tabs": "^6.5.7",
      "@react-navigation/native": "^6.1.6",
      "@react-navigation/stack": "^6.3.16",
      "amazon-cognito-identity-js": "^6.2.0",
      "aws-amplify": "^5.2.1",
      "aws-sdk": "^2.1374.0",
      "expo": "^48.0.0",
      "expo-av": "~13.2.1",
      "expo-file-system": "~15.2.2",
      "expo-status-bar": "~1.4.4",
      "expo-web-browser": "~12.1.1",
      "react": "18.2.0",
      "react-dom": "18.2.0",
      "react-native": "0.71.7",
      "react-native-fs": "^2.20.0",
      "react-native-get-random-values": "^1.8.0",
      "react-native-paper": "^5.7.2",
      "react-native-reanimated": "~2.14.4",
      "react-native-table-component": "^1.2.2",
      "react-native-url-polyfill": "^1.3.0",
      "react-native-uuid": "^2.0.1",
      "react-native-vector-icons": "^9.2.0",
      "react-native-web": "~0.18.11"
    },
    "devDependencies": {
      "@babel/core": "^7.20.0"
    },
    "private": true
  }

yarn manifest: 
  No manifest

Lockfile: 
  No lockfile
